2023-05-22 20:25:51.133 [info] Log level: Info
2023-05-22 20:25:51.133 [info] Validating found git in: "git"
2023-05-22 20:25:51.133 [info] Using git "2.34.1" from "git"
2023-05-22 20:25:51.163 [info] > git rev-parse --show-toplevel [34ms]
2023-05-22 20:25:51.196 [info] > git rev-parse --git-dir --git-common-dir [3ms]
2023-05-22 20:25:51.222 [info] Open repository: /home/dryam
2023-05-22 20:25:51.255 [info] > git rev-parse --show-toplevel [25ms]
2023-05-22 20:25:51.269 [info] > git config --get commit.template [24ms]
2023-05-22 20:25:51.284 [info] No remotes found in the git config file.
2023-05-22 20:25:51.285 [info] > git rev-parse --show-toplevel [19ms]
2023-05-22 20:25:51.299 [info] > git rev-parse --show-toplevel [1ms]
2023-05-22 20:25:51.305 [info] > git for-each-ref --format=%(refname)%00%(upstream:short)%00%(objectname)%00%(upstream:track)%00%(upstream:remotename)%00%(upstream:remoteref) refs/heads/master refs/remotes/master [22ms]
2023-05-22 20:25:51.319 [info] > git rev-parse --show-toplevel [14ms]
2023-05-22 20:25:51.333 [info] > git status -z -uall [17ms]
2023-05-22 20:25:51.333 [info] > git rev-parse --show-toplevel [2ms]
2023-05-22 20:25:51.378 [info] > git rev-parse --show-toplevel [24ms]
2023-05-22 20:25:51.390 [info] > git config --get commit.template [13ms]
2023-05-22 20:25:51.406 [info] No remotes found in the git config file.
2023-05-22 20:25:51.414 [info] > git for-each-ref --format=%(refname)%00%(upstream:short)%00%(objectname)%00%(upstream:track)%00%(upstream:remotename)%00%(upstream:remoteref) refs/heads/master refs/remotes/master [8ms]
2023-05-22 20:25:51.428 [info] > git rev-parse --show-toplevel [39ms]
2023-05-22 20:25:51.428 [info] fatal: this operation must be run in a work tree
2023-05-22 20:25:51.440 [info] > git status -z -uall [13ms]
2023-05-22 20:25:51.440 [info] > git rev-parse --show-toplevel [3ms]
2023-05-22 20:25:51.456 [info] > git rev-parse --show-toplevel [6ms]
2023-05-22 20:25:51.490 [info] > git rev-parse --git-dir --git-common-dir [8ms]
2023-05-22 20:25:51.495 [info] Open repository: /home/dryam/.fzf
2023-05-22 20:25:51.530 [info] > git config --get commit.template [3ms]
2023-05-22 20:25:51.530 [info] > git rev-parse --show-toplevel [20ms]
2023-05-22 20:25:51.544 [info] > git rev-parse --show-toplevel [6ms]
2023-05-22 20:25:51.638 [info] > git rev-parse --show-toplevel [84ms]
2023-05-22 20:25:51.659 [info] > git for-each-ref --format=%(refname)%00%(upstream:short)%00%(objectname)%00%(upstream:track)%00%(upstream:remotename)%00%(upstream:remoteref) refs/heads/master refs/remotes/master [33ms]
2023-05-22 20:25:51.676 [info] > git rev-parse --show-toplevel [19ms]
2023-05-22 20:25:51.683 [info] > git rev-parse --show-toplevel [2ms]
2023-05-22 20:25:51.698 [info] > git rev-parse --show-toplevel [6ms]
2023-05-22 20:25:51.707 [info] > git rev-parse --show-toplevel [2ms]
2023-05-22 20:25:51.720 [info] > git rev-parse --show-toplevel [5ms]
2023-05-22 20:25:51.730 [info] > git rev-parse --show-toplevel [1ms]
2023-05-22 20:25:51.748 [info] > git rev-parse --show-toplevel [0ms]
2023-05-22 20:25:51.768 [info] > git status -z -uall [95ms]
2023-05-22 20:25:51.768 [info] > git rev-parse --show-toplevel [8ms]
2023-05-22 20:25:51.802 [info] > git rev-parse --show-toplevel [20ms]
2023-05-22 20:25:51.816 [info] > git rev-parse --show-toplevel [7ms]
2023-05-22 20:25:51.821 [info] > git config --get commit.template [20ms]
2023-05-22 20:25:51.835 [info] > git for-each-ref --format=%(refname)%00%(upstream:short)%00%(objectname)%00%(upstream:track)%00%(upstream:remotename)%00%(upstream:remoteref) refs/heads/master refs/remotes/master [4ms]
2023-05-22 20:25:51.841 [info] > git rev-parse --show-toplevel [20ms]
2023-05-22 20:25:51.860 [info] > git status -z -uall [19ms]
2023-05-22 20:25:51.860 [info] > git rev-parse --show-toplevel [2ms]
2023-05-22 20:25:51.875 [info] > git rev-parse --show-toplevel [6ms]
2023-05-22 20:25:51.898 [info] > git rev-parse --show-toplevel [13ms]
2023-05-22 20:25:52.194 [info] > git check-ignore -v -z --stdin [12ms]
2023-05-22 20:25:52.199 [info] > git check-ignore -v -z --stdin [7ms]
